<?xml version="1.0" encoding="UTF-8"?>
<!-- Generated by org.testng.reporters.JUnitXMLReporter -->
<testsuite ignored="0" hostname="ThivakarDeivendran" failures="0" tests="3" name="Test" time="4.479" errors="0" timestamp="2023-11-12T19:43:11 IST">
  <testcase classname="projectGreen.ParallelExecutionTestNG" name="@BeforeMethod login" time="4.383">
    <failure type="org.openqa.selenium.remote.http.ConnectionFailedException" message="Unable to establish websocket connection to http://localhost:60808/devtools/browser/544a2bc7-e3ed-47ae-9849-62c20be5e981
Build info: version: &amp;apos;4.7.2&amp;apos;, revision: &amp;apos;4d4020c3b7&amp;apos;
System info: os.name: &amp;apos;Windows 11&amp;apos;, os.arch: &amp;apos;amd64&amp;apos;, os.version: &amp;apos;10.0&amp;apos;, java.version: &amp;apos;11.0.17&amp;apos;
Driver info: driver.version: ChromeDriver">
      <![CDATA[org.openqa.selenium.remote.http.ConnectionFailedException: Unable to establish websocket connection to http://localhost:60808/devtools/browser/544a2bc7-e3ed-47ae-9849-62c20be5e981
Build info: version: '4.7.2', revision: '4d4020c3b7'
System info: os.name: 'Windows 11', os.arch: 'amd64', os.version: '10.0', java.version: '11.0.17'
Driver info: driver.version: ChromeDriver
at org.openqa.selenium.remote.http.netty.NettyWebSocket.<init>(NettyWebSocket.java:102)
at org.openqa.selenium.remote.http.netty.NettyWebSocket.lambda$create$3(NettyWebSocket.java:128)
at org.openqa.selenium.remote.http.netty.NettyClient.openSocket(NettyClient.java:107)
at org.openqa.selenium.devtools.Connection.<init>(Connection.java:78)
at org.openqa.selenium.chromium.ChromiumDriver.lambda$new$2(ChromiumDriver.java:116)
at java.base/java.util.Optional.map(Optional.java:265)
at org.openqa.selenium.chromium.ChromiumDriver.<init>(ChromiumDriver.java:114)
at org.openqa.selenium.chrome.ChromeDriver.<init>(ChromeDriver.java:82)
at org.openqa.selenium.chrome.ChromeDriver.<init>(ChromeDriver.java:50)
at projectGreen.ParallelExecutionTestNG.login(ParallelExecutionTestNG.java:21)
at java.base/java.util.ArrayList.forEach(ArrayList.java:1541)
... Removed 31 stack frames]]>
    </failure>
  </testcase> <!-- @BeforeMethod login -->
  <testcase classname="projectGreen.ParallelExecutionTestNG" name="@AfterMethod logoff" time="-1.699798391417E9">
    <skipped/>
  </testcase> <!-- @AfterMethod logoff -->
  <testcase classname="projectGreen.ParallelExecutionTestNG" name="@BeforeMethod login" time="-1.699798391425E9">
    <skipped/>
  </testcase> <!-- @BeforeMethod login -->
  <testcase classname="projectGreen.ParallelExecutionTestNG" name="@AfterMethod logoff" time="-1.69979839144E9">
    <skipped/>
  </testcase> <!-- @AfterMethod logoff -->
  <testcase classname="projectGreen.ParallelExecutionTestNG" name="@BeforeMethod login" time="-1.699798391442E9">
    <skipped/>
  </testcase> <!-- @BeforeMethod login -->
  <testcase classname="projectGreen.ParallelExecutionTestNG" name="@AfterMethod logoff" time="-1.699798391448E9">
    <skipped/>
  </testcase> <!-- @AfterMethod logoff -->
  <testcase classname="projectGreen.ParallelExecutionTestNG" name="intialProcessMethod1" time="0.0">
    <skipped/>
  </testcase> <!-- intialProcessMethod1 -->
  <testcase classname="projectGreen.ParallelExecutionTestNG" name="intialProcessMethod2" time="0.0">
    <skipped/>
  </testcase> <!-- intialProcessMethod2 -->
  <testcase classname="projectGreen.ParallelExecutionTestNG" name="intialProcessMethod3" time="0.0">
    <skipped/>
  </testcase> <!-- intialProcessMethod3 -->
</testsuite> <!-- Test -->
